<?xml version="1.0" encoding="UTF-8"?>
<coverage generated="1706626591648" clover="3.2.0">
  <project timestamp="1706626591648" name="All files">
    <metrics statements="8" coveredstatements="5" conditionals="2" coveredconditionals="0" methods="5" coveredmethods="4" elements="15" coveredelements="9" complexity="0" loc="8" ncloc="8" packages="1" files="1" classes="1"/>
    <file name="index.js" path="/usr/src/app/src/index.js">
      <metrics statements="8" coveredstatements="5" conditionals="2" coveredconditionals="0" methods="5" coveredmethods="4"/>
      <line num="2" count="0" type="cond" truecount="0" falsecount="2"/>
      <line num="3" count="0" type="stmt"/>
      <line num="5" count="0" type="stmt"/>
      <line num="10" count="1" type="stmt"/>
      <line num="15" count="2" type="stmt"/>
      <line num="20" count="1" type="stmt"/>
      <line num="25" count="1" type="stmt"/>
      <line num="28" count="1" type="stmt"/>
    </file>
  </project>
</coverage>
